[12-Jan-2017 04:17:51 UTC] PHP Warning:  require_once(/home/ubuntu/workspace/assignment/assignment/includes/head.php): failed to open stream: No such file or directory in /home/ubuntu/workspace/assignment/auth/loginpage.php on line 2
[12-Jan-2017 04:17:51 UTC] PHP Stack trace:
[12-Jan-2017 04:17:51 UTC] PHP   1. {main}() /home/ubuntu/workspace/assignment/auth/loginpage.php:0
[12-Jan-2017 04:17:51 UTC] PHP Fatal error:  require_once(): Failed opening required '/home/ubuntu/workspace/assignment/assignment/includes/head.php' (include_path='.:/usr/share/php:/usr/share/pear') in /home/ubuntu/workspace/assignment/auth/loginpage.php on line 2
[12-Jan-2017 04:17:51 UTC] PHP Stack trace:
[12-Jan-2017 04:17:51 UTC] PHP   1. {main}() /home/ubuntu/workspace/assignment/auth/loginpage.php:0
[12-Jan-2017 04:18:14 UTC] PHP Warning:  require_once(/home/ubuntu/workspace/assignment/assignment/includes/footer.php): failed to open stream: No such file or directory in /home/ubuntu/workspace/assignment/auth/loginpage.php on line 16
[12-Jan-2017 04:18:14 UTC] PHP Stack trace:
[12-Jan-2017 04:18:14 UTC] PHP   1. {main}() /home/ubuntu/workspace/assignment/auth/loginpage.php:0
[12-Jan-2017 04:18:14 UTC] PHP Fatal error:  require_once(): Failed opening required '/home/ubuntu/workspace/assignment/assignment/includes/footer.php' (include_path='.:/usr/share/php:/usr/share/pear') in /home/ubuntu/workspace/assignment/auth/loginpage.php on line 16
[12-Jan-2017 04:18:14 UTC] PHP Stack trace:
[12-Jan-2017 04:18:14 UTC] PHP   1. {main}() /home/ubuntu/workspace/assignment/auth/loginpage.php:0
[12-Jan-2017 04:19:00 UTC] PHP Warning:  require_once(/home/ubuntu/workspace/assignment/assignment/includes/init.php): failed to open stream: No such file or directory in /home/ubuntu/workspace/assignment/auth/login.php on line 2
[12-Jan-2017 04:19:00 UTC] PHP Stack trace:
[12-Jan-2017 04:19:00 UTC] PHP   1. {main}() /home/ubuntu/workspace/assignment/auth/login.php:0
[12-Jan-2017 04:19:00 UTC] PHP Fatal error:  require_once(): Failed opening required '/home/ubuntu/workspace/assignment/assignment/includes/init.php' (include_path='.:/usr/share/php:/usr/share/pear') in /home/ubuntu/workspace/assignment/auth/login.php on line 2
[12-Jan-2017 04:19:00 UTC] PHP Stack trace:
[12-Jan-2017 04:19:00 UTC] PHP   1. {main}() /home/ubuntu/workspace/assignment/auth/login.php:0
[12-Jan-2017 04:19:12 UTC] PHP Warning:  require_once(/home/ubuntu/workspace/assignment/assignment/db/EditPlaces.php): failed to open stream: No such file or directory in /home/ubuntu/workspace/assignment/auth/loginpage.php on line 13
[12-Jan-2017 04:19:12 UTC] PHP Stack trace:
[12-Jan-2017 04:19:12 UTC] PHP   1. {main}() /home/ubuntu/workspace/assignment/auth/loginpage.php:0
[12-Jan-2017 04:19:12 UTC] PHP Fatal error:  require_once(): Failed opening required '/home/ubuntu/workspace/assignment/assignment/db/EditPlaces.php' (include_path='.:/usr/share/php:/usr/share/pear') in /home/ubuntu/workspace/assignment/auth/loginpage.php on line 13
[12-Jan-2017 04:19:12 UTC] PHP Stack trace:
[12-Jan-2017 04:19:12 UTC] PHP   1. {main}() /home/ubuntu/workspace/assignment/auth/loginpage.php:0
[12-Jan-2017 04:21:26 UTC] PHP Fatal error:  Call to undefined function CleanString() in /home/ubuntu/workspace/assignment/auth/register.php on line 4
[12-Jan-2017 04:21:26 UTC] PHP Stack trace:
[12-Jan-2017 04:21:26 UTC] PHP   1. {main}() /home/ubuntu/workspace/assignment/auth/register.php:0
[12-Jan-2017 04:44:45 UTC] PHP Warning:  mysqli_query() expects parameter 1 to be mysqli, null given in /home/ubuntu/workspace/assignment/includes/functions.php on line 8
[12-Jan-2017 04:44:45 UTC] PHP Stack trace:
[12-Jan-2017 04:44:45 UTC] PHP   1. {main}() /home/ubuntu/workspace/assignment/db/RemoveFavourites.php:0
[12-Jan-2017 04:44:45 UTC] PHP   2. GetFavourites() /home/ubuntu/workspace/assignment/db/RemoveFavourites.php:7
[12-Jan-2017 04:44:45 UTC] PHP   3. mysqli_query() /home/ubuntu/workspace/assignment/includes/functions.php:8
[12-Jan-2017 04:44:45 UTC] PHP Warning:  mysqli_num_rows() expects parameter 1 to be mysqli_result, null given in /home/ubuntu/workspace/assignment/includes/functions.php on line 9
[12-Jan-2017 04:44:45 UTC] PHP Stack trace:
[12-Jan-2017 04:44:45 UTC] PHP   1. {main}() /home/ubuntu/workspace/assignment/db/RemoveFavourites.php:0
[12-Jan-2017 04:44:45 UTC] PHP   2. GetFavourites() /home/ubuntu/workspace/assignment/db/RemoveFavourites.php:7
[12-Jan-2017 04:44:45 UTC] PHP   3. mysqli_num_rows() /home/ubuntu/workspace/assignment/includes/functions.php:9
[12-Jan-2017 04:45:19 UTC] PHP Warning:  mysqli_query() expects parameter 1 to be mysqli, null given in /home/ubuntu/workspace/assignment/includes/functions.php on line 8
[12-Jan-2017 04:45:19 UTC] PHP Stack trace:
[12-Jan-2017 04:45:19 UTC] PHP   1. {main}() /home/ubuntu/workspace/assignment/auth/login.php:0
[12-Jan-2017 04:45:19 UTC] PHP   2. GetFavourites() /home/ubuntu/workspace/assignment/auth/login.php:11
[12-Jan-2017 04:45:19 UTC] PHP   3. mysqli_query() /home/ubuntu/workspace/assignment/includes/functions.php:8
[12-Jan-2017 04:45:19 UTC] PHP Warning:  mysqli_num_rows() expects parameter 1 to be mysqli_result, null given in /home/ubuntu/workspace/assignment/includes/functions.php on line 9
[12-Jan-2017 04:45:19 UTC] PHP Stack trace:
[12-Jan-2017 04:45:19 UTC] PHP   1. {main}() /home/ubuntu/workspace/assignment/auth/login.php:0
[12-Jan-2017 04:45:19 UTC] PHP   2. GetFavourites() /home/ubuntu/workspace/assignment/auth/login.php:11
[12-Jan-2017 04:45:19 UTC] PHP   3. mysqli_num_rows() /home/ubuntu/workspace/assignment/includes/functions.php:9
[12-Jan-2017 04:48:17 UTC] PHP Warning:  mysqli_query() expects parameter 1 to be mysqli, null given in /home/ubuntu/workspace/assignment/includes/functions.php on line 8
[12-Jan-2017 04:48:17 UTC] PHP Stack trace:
[12-Jan-2017 04:48:17 UTC] PHP   1. {main}() /home/ubuntu/workspace/assignment/auth/login.php:0
[12-Jan-2017 04:48:17 UTC] PHP   2. GetFavourites() /home/ubuntu/workspace/assignment/auth/login.php:11
[12-Jan-2017 04:48:17 UTC] PHP   3. mysqli_query() /home/ubuntu/workspace/assignment/includes/functions.php:8
[12-Jan-2017 04:48:17 UTC] PHP Warning:  mysqli_num_rows() expects parameter 1 to be mysqli_result, null given in /home/ubuntu/workspace/assignment/includes/functions.php on line 9
[12-Jan-2017 04:48:17 UTC] PHP Stack trace:
[12-Jan-2017 04:48:17 UTC] PHP   1. {main}() /home/ubuntu/workspace/assignment/auth/login.php:0
[12-Jan-2017 04:48:17 UTC] PHP   2. GetFavourites() /home/ubuntu/workspace/assignment/auth/login.php:11
[12-Jan-2017 04:48:17 UTC] PHP   3. mysqli_num_rows() /home/ubuntu/workspace/assignment/includes/functions.php:9
[12-Jan-2017 05:01:40 UTC] PHP Warning:  mysqli_query() expects parameter 1 to be mysqli, null given in /home/ubuntu/workspace/assignment/includes/functions.php on line 8
[12-Jan-2017 05:01:40 UTC] PHP Stack trace:
[12-Jan-2017 05:01:40 UTC] PHP   1. {main}() /home/ubuntu/workspace/assignment/auth/login.php:0
[12-Jan-2017 05:01:40 UTC] PHP   2. GetFavourites() /home/ubuntu/workspace/assignment/auth/login.php:11
[12-Jan-2017 05:01:40 UTC] PHP   3. mysqli_query() /home/ubuntu/workspace/assignment/includes/functions.php:8
[12-Jan-2017 05:01:40 UTC] PHP Warning:  mysqli_num_rows() expects parameter 1 to be mysqli_result, null given in /home/ubuntu/workspace/assignment/includes/functions.php on line 9
[12-Jan-2017 05:01:40 UTC] PHP Stack trace:
[12-Jan-2017 05:01:40 UTC] PHP   1. {main}() /home/ubuntu/workspace/assignment/auth/login.php:0
[12-Jan-2017 05:01:40 UTC] PHP   2. GetFavourites() /home/ubuntu/workspace/assignment/auth/login.php:11
[12-Jan-2017 05:01:40 UTC] PHP   3. mysqli_num_rows() /home/ubuntu/workspace/assignment/includes/functions.php:9
[12-Jan-2017 05:04:58 UTC] PHP Warning:  mysqli_query() expects parameter 1 to be mysqli, null given in /home/ubuntu/workspace/assignment/includes/functions.php on line 8
[12-Jan-2017 05:04:58 UTC] PHP Stack trace:
[12-Jan-2017 05:04:58 UTC] PHP   1. {main}() /home/ubuntu/workspace/assignment/db/AddFavourites.php:0
[12-Jan-2017 05:04:58 UTC] PHP   2. GetFavourites() /home/ubuntu/workspace/assignment/db/AddFavourites.php:7
[12-Jan-2017 05:04:58 UTC] PHP   3. mysqli_query() /home/ubuntu/workspace/assignment/includes/functions.php:8
[12-Jan-2017 05:04:58 UTC] PHP Warning:  mysqli_num_rows() expects parameter 1 to be mysqli_result, null given in /home/ubuntu/workspace/assignment/includes/functions.php on line 9
[12-Jan-2017 05:04:58 UTC] PHP Stack trace:
[12-Jan-2017 05:04:58 UTC] PHP   1. {main}() /home/ubuntu/workspace/assignment/db/AddFavourites.php:0
[12-Jan-2017 05:04:58 UTC] PHP   2. GetFavourites() /home/ubuntu/workspace/assignment/db/AddFavourites.php:7
[12-Jan-2017 05:04:58 UTC] PHP   3. mysqli_num_rows() /home/ubuntu/workspace/assignment/includes/functions.php:9
[12-Jan-2017 05:06:33 UTC] PHP Warning:  mysqli_query() expects parameter 1 to be mysqli, null given in /home/ubuntu/workspace/assignment/includes/functions.php on line 8
[12-Jan-2017 05:06:33 UTC] PHP Stack trace:
[12-Jan-2017 05:06:33 UTC] PHP   1. {main}() /home/ubuntu/workspace/assignment/db/RemoveFavourites.php:0
[12-Jan-2017 05:06:33 UTC] PHP   2. GetFavourites() /home/ubuntu/workspace/assignment/db/RemoveFavourites.php:7
[12-Jan-2017 05:06:33 UTC] PHP   3. mysqli_query() /home/ubuntu/workspace/assignment/includes/functions.php:8
[12-Jan-2017 05:06:33 UTC] PHP Warning:  mysqli_num_rows() expects parameter 1 to be mysqli_result, null given in /home/ubuntu/workspace/assignment/includes/functions.php on line 9
[12-Jan-2017 05:06:33 UTC] PHP Stack trace:
[12-Jan-2017 05:06:33 UTC] PHP   1. {main}() /home/ubuntu/workspace/assignment/db/RemoveFavourites.php:0
[12-Jan-2017 05:06:33 UTC] PHP   2. GetFavourites() /home/ubuntu/workspace/assignment/db/RemoveFavourites.php:7
[12-Jan-2017 05:06:33 UTC] PHP   3. mysqli_num_rows() /home/ubuntu/workspace/assignment/includes/functions.php:9
[13-Jan-2017 14:07:33 UTC] PHP Warning:  mysqli_query() expects parameter 1 to be mysqli, null given in /home/ubuntu/workspace/assignment/includes/functions.php on line 8
[13-Jan-2017 14:07:33 UTC] PHP Stack trace:
[13-Jan-2017 14:07:33 UTC] PHP   1. {main}() /home/ubuntu/workspace/assignment/auth/login.php:0
[13-Jan-2017 14:07:33 UTC] PHP   2. GetFavourites() /home/ubuntu/workspace/assignment/auth/login.php:11
[13-Jan-2017 14:07:33 UTC] PHP   3. mysqli_query() /home/ubuntu/workspace/assignment/includes/functions.php:8
[13-Jan-2017 14:07:33 UTC] PHP Warning:  mysqli_num_rows() expects parameter 1 to be mysqli_result, null given in /home/ubuntu/workspace/assignment/includes/functions.php on line 9
[13-Jan-2017 14:07:33 UTC] PHP Stack trace:
[13-Jan-2017 14:07:33 UTC] PHP   1. {main}() /home/ubuntu/workspace/assignment/auth/login.php:0
[13-Jan-2017 14:07:33 UTC] PHP   2. GetFavourites() /home/ubuntu/workspace/assignment/auth/login.php:11
[13-Jan-2017 14:07:33 UTC] PHP   3. mysqli_num_rows() /home/ubuntu/workspace/assignment/includes/functions.php:9
[13-Jan-2017 14:07:48 UTC] PHP Warning:  mysqli_query() expects parameter 1 to be mysqli, null given in /home/ubuntu/workspace/assignment/includes/functions.php on line 8
[13-Jan-2017 14:07:48 UTC] PHP Stack trace:
[13-Jan-2017 14:07:48 UTC] PHP   1. {main}() /home/ubuntu/workspace/assignment/db/RemoveFavourites.php:0
[13-Jan-2017 14:07:48 UTC] PHP   2. GetFavourites() /home/ubuntu/workspace/assignment/db/RemoveFavourites.php:7
[13-Jan-2017 14:07:48 UTC] PHP   3. mysqli_query() /home/ubuntu/workspace/assignment/includes/functions.php:8
[13-Jan-2017 14:07:48 UTC] PHP Warning:  mysqli_num_rows() expects parameter 1 to be mysqli_result, null given in /home/ubuntu/workspace/assignment/includes/functions.php on line 9
[13-Jan-2017 14:07:48 UTC] PHP Stack trace:
[13-Jan-2017 14:07:48 UTC] PHP   1. {main}() /home/ubuntu/workspace/assignment/db/RemoveFavourites.php:0
[13-Jan-2017 14:07:48 UTC] PHP   2. GetFavourites() /home/ubuntu/workspace/assignment/db/RemoveFavourites.php:7
[13-Jan-2017 14:07:48 UTC] PHP   3. mysqli_num_rows() /home/ubuntu/workspace/assignment/includes/functions.php:9
[13-Jan-2017 14:08:44 UTC] PHP Warning:  mysqli_query() expects parameter 1 to be mysqli, null given in /home/ubuntu/workspace/assignment/includes/functions.php on line 8
[13-Jan-2017 14:08:44 UTC] PHP Stack trace:
[13-Jan-2017 14:08:44 UTC] PHP   1. {main}() /home/ubuntu/workspace/assignment/db/AddFavourites.php:0
[13-Jan-2017 14:08:44 UTC] PHP   2. GetFavourites() /home/ubuntu/workspace/assignment/db/AddFavourites.php:7
[13-Jan-2017 14:08:44 UTC] PHP   3. mysqli_query() /home/ubuntu/workspace/assignment/includes/functions.php:8
[13-Jan-2017 14:08:44 UTC] PHP Warning:  mysqli_num_rows() expects parameter 1 to be mysqli_result, null given in /home/ubuntu/workspace/assignment/includes/functions.php on line 9
[13-Jan-2017 14:08:44 UTC] PHP Stack trace:
[13-Jan-2017 14:08:44 UTC] PHP   1. {main}() /home/ubuntu/workspace/assignment/db/AddFavourites.php:0
[13-Jan-2017 14:08:44 UTC] PHP   2. GetFavourites() /home/ubuntu/workspace/assignment/db/AddFavourites.php:7
[13-Jan-2017 14:08:44 UTC] PHP   3. mysqli_num_rows() /home/ubuntu/workspace/assignment/includes/functions.php:9
[13-Jan-2017 14:10:56 UTC] PHP Warning:  mysqli_query() expects parameter 1 to be mysqli, null given in /home/ubuntu/workspace/assignment/includes/functions.php on line 8
[13-Jan-2017 14:10:56 UTC] PHP Stack trace:
[13-Jan-2017 14:10:56 UTC] PHP   1. {main}() /home/ubuntu/workspace/assignment/auth/login.php:0
[13-Jan-2017 14:10:56 UTC] PHP   2. GetFavourites() /home/ubuntu/workspace/assignment/auth/login.php:11
[13-Jan-2017 14:10:56 UTC] PHP   3. mysqli_query() /home/ubuntu/workspace/assignment/includes/functions.php:8
[13-Jan-2017 14:10:56 UTC] PHP Warning:  mysqli_num_rows() expects parameter 1 to be mysqli_result, null given in /home/ubuntu/workspace/assignment/includes/functions.php on line 9
[13-Jan-2017 14:10:56 UTC] PHP Stack trace:
[13-Jan-2017 14:10:56 UTC] PHP   1. {main}() /home/ubuntu/workspace/assignment/auth/login.php:0
[13-Jan-2017 14:10:56 UTC] PHP   2. GetFavourites() /home/ubuntu/workspace/assignment/auth/login.php:11
[13-Jan-2017 14:10:56 UTC] PHP   3. mysqli_num_rows() /home/ubuntu/workspace/assignment/includes/functions.php:9
[28-Jan-2017 16:19:09 UTC] PHP Warning:  mysqli_query() expects parameter 1 to be mysqli, null given in /home/ubuntu/workspace/assignment/includes/functions.php on line 8
[28-Jan-2017 16:19:09 UTC] PHP Stack trace:
[28-Jan-2017 16:19:09 UTC] PHP   1. {main}() /home/ubuntu/workspace/assignment/auth/login.php:0
[28-Jan-2017 16:19:09 UTC] PHP   2. GetFavourites() /home/ubuntu/workspace/assignment/auth/login.php:11
[28-Jan-2017 16:19:09 UTC] PHP   3. mysqli_query() /home/ubuntu/workspace/assignment/includes/functions.php:8
[28-Jan-2017 16:19:09 UTC] PHP Warning:  mysqli_num_rows() expects parameter 1 to be mysqli_result, null given in /home/ubuntu/workspace/assignment/includes/functions.php on line 9
[28-Jan-2017 16:19:09 UTC] PHP Stack trace:
[28-Jan-2017 16:19:09 UTC] PHP   1. {main}() /home/ubuntu/workspace/assignment/auth/login.php:0
[28-Jan-2017 16:19:09 UTC] PHP   2. GetFavourites() /home/ubuntu/workspace/assignment/auth/login.php:11
[28-Jan-2017 16:19:09 UTC] PHP   3. mysqli_num_rows() /home/ubuntu/workspace/assignment/includes/functions.php:9
[23-Jun-2017 11:56:23 UTC] PHP Warning:  mysqli_query() expects parameter 1 to be mysqli, null given in /home/ubuntu/workspace/assignment/includes/functions.php on line 8
[23-Jun-2017 11:56:23 UTC] PHP Stack trace:
[23-Jun-2017 11:56:23 UTC] PHP   1. {main}() /home/ubuntu/workspace/assignment/auth/login.php:0
[23-Jun-2017 11:56:23 UTC] PHP   2. GetFavourites() /home/ubuntu/workspace/assignment/auth/login.php:11
[23-Jun-2017 11:56:23 UTC] PHP   3. mysqli_query() /home/ubuntu/workspace/assignment/includes/functions.php:8
[23-Jun-2017 11:56:23 UTC] PHP Warning:  mysqli_num_rows() expects parameter 1 to be mysqli_result, null given in /home/ubuntu/workspace/assignment/includes/functions.php on line 9
[23-Jun-2017 11:56:23 UTC] PHP Stack trace:
[23-Jun-2017 11:56:23 UTC] PHP   1. {main}() /home/ubuntu/workspace/assignment/auth/login.php:0
[23-Jun-2017 11:56:23 UTC] PHP   2. GetFavourites() /home/ubuntu/workspace/assignment/auth/login.php:11
[23-Jun-2017 11:56:23 UTC] PHP   3. mysqli_num_rows() /home/ubuntu/workspace/assignment/includes/functions.php:9
[23-Jun-2017 11:56:44 UTC] PHP Warning:  mysqli_query() expects parameter 1 to be mysqli, null given in /home/ubuntu/workspace/assignment/includes/functions.php on line 8
[23-Jun-2017 11:56:44 UTC] PHP Stack trace:
[23-Jun-2017 11:56:44 UTC] PHP   1. {main}() /home/ubuntu/workspace/assignment/db/AddFavourites.php:0
[23-Jun-2017 11:56:44 UTC] PHP   2. GetFavourites() /home/ubuntu/workspace/assignment/db/AddFavourites.php:7
[23-Jun-2017 11:56:44 UTC] PHP   3. mysqli_query() /home/ubuntu/workspace/assignment/includes/functions.php:8
[23-Jun-2017 11:56:44 UTC] PHP Warning:  mysqli_num_rows() expects parameter 1 to be mysqli_result, null given in /home/ubuntu/workspace/assignment/includes/functions.php on line 9
[23-Jun-2017 11:56:44 UTC] PHP Stack trace:
[23-Jun-2017 11:56:44 UTC] PHP   1. {main}() /home/ubuntu/workspace/assignment/db/AddFavourites.php:0
[23-Jun-2017 11:56:44 UTC] PHP   2. GetFavourites() /home/ubuntu/workspace/assignment/db/AddFavourites.php:7
[23-Jun-2017 11:56:44 UTC] PHP   3. mysqli_num_rows() /home/ubuntu/workspace/assignment/includes/functions.php:9
[23-Jun-2017 11:56:50 UTC] PHP Warning:  mysqli_query() expects parameter 1 to be mysqli, null given in /home/ubuntu/workspace/assignment/includes/functions.php on line 8
[23-Jun-2017 11:56:50 UTC] PHP Stack trace:
[23-Jun-2017 11:56:50 UTC] PHP   1. {main}() /home/ubuntu/workspace/assignment/db/AddFavourites.php:0
[23-Jun-2017 11:56:50 UTC] PHP   2. GetFavourites() /home/ubuntu/workspace/assignment/db/AddFavourites.php:7
[23-Jun-2017 11:56:50 UTC] PHP   3. mysqli_query() /home/ubuntu/workspace/assignment/includes/functions.php:8
[23-Jun-2017 11:56:50 UTC] PHP Warning:  mysqli_num_rows() expects parameter 1 to be mysqli_result, null given in /home/ubuntu/workspace/assignment/includes/functions.php on line 9
[23-Jun-2017 11:56:50 UTC] PHP Stack trace:
[23-Jun-2017 11:56:50 UTC] PHP   1. {main}() /home/ubuntu/workspace/assignment/db/AddFavourites.php:0
[23-Jun-2017 11:56:50 UTC] PHP   2. GetFavourites() /home/ubuntu/workspace/assignment/db/AddFavourites.php:7
[23-Jun-2017 11:56:50 UTC] PHP   3. mysqli_num_rows() /home/ubuntu/workspace/assignment/includes/functions.php:9
[23-Jun-2017 11:57:04 UTC] PHP Warning:  mysqli_query() expects parameter 1 to be mysqli, null given in /home/ubuntu/workspace/assignment/includes/functions.php on line 8
[23-Jun-2017 11:57:04 UTC] PHP Stack trace:
[23-Jun-2017 11:57:04 UTC] PHP   1. {main}() /home/ubuntu/workspace/assignment/db/RemoveFavourites.php:0
[23-Jun-2017 11:57:04 UTC] PHP   2. GetFavourites() /home/ubuntu/workspace/assignment/db/RemoveFavourites.php:7
[23-Jun-2017 11:57:04 UTC] PHP   3. mysqli_query() /home/ubuntu/workspace/assignment/includes/functions.php:8
[23-Jun-2017 11:57:04 UTC] PHP Warning:  mysqli_num_rows() expects parameter 1 to be mysqli_result, null given in /home/ubuntu/workspace/assignment/includes/functions.php on line 9
[23-Jun-2017 11:57:04 UTC] PHP Stack trace:
[23-Jun-2017 11:57:04 UTC] PHP   1. {main}() /home/ubuntu/workspace/assignment/db/RemoveFavourites.php:0
[23-Jun-2017 11:57:04 UTC] PHP   2. GetFavourites() /home/ubuntu/workspace/assignment/db/RemoveFavourites.php:7
[23-Jun-2017 11:57:04 UTC] PHP   3. mysqli_num_rows() /home/ubuntu/workspace/assignment/includes/functions.php:9
[23-Jun-2017 11:57:07 UTC] PHP Warning:  mysqli_query() expects parameter 1 to be mysqli, null given in /home/ubuntu/workspace/assignment/includes/functions.php on line 8
[23-Jun-2017 11:57:07 UTC] PHP Stack trace:
[23-Jun-2017 11:57:07 UTC] PHP   1. {main}() /home/ubuntu/workspace/assignment/db/RemoveFavourites.php:0
[23-Jun-2017 11:57:07 UTC] PHP   2. GetFavourites() /home/ubuntu/workspace/assignment/db/RemoveFavourites.php:7
[23-Jun-2017 11:57:07 UTC] PHP   3. mysqli_query() /home/ubuntu/workspace/assignment/includes/functions.php:8
[23-Jun-2017 11:57:07 UTC] PHP Warning:  mysqli_num_rows() expects parameter 1 to be mysqli_result, null given in /home/ubuntu/workspace/assignment/includes/functions.php on line 9
[23-Jun-2017 11:57:07 UTC] PHP Stack trace:
[23-Jun-2017 11:57:07 UTC] PHP   1. {main}() /home/ubuntu/workspace/assignment/db/RemoveFavourites.php:0
[23-Jun-2017 11:57:07 UTC] PHP   2. GetFavourites() /home/ubuntu/workspace/assignment/db/RemoveFavourites.php:7
[23-Jun-2017 11:57:07 UTC] PHP   3. mysqli_num_rows() /home/ubuntu/workspace/assignment/includes/functions.php:9
